<?xml version="1.0" encoding="UTF-8"?>
<testng-results ignored="0" total="2" passed="1" failed="1" skipped="0">
  <reporter-output>
  </reporter-output>
  <suite started-at="2021-11-14T17:31:45 IST" name="Default suite" finished-at="2021-11-14T17:32:14 IST" duration-ms="28813">
    <groups>
      <group name="cucumber">
        <method signature="AbstractTestNGCucumberTests.runScenario(io.cucumber.testng.PickleWrapper,io.cucumber.testng.FeatureWrapper)[pri:0, instance:runner.Runtest@23e84203]" name="runScenario" class="io.cucumber.testng.AbstractTestNGCucumberTests"/>
      </group> <!-- cucumber -->
    </groups>
    <test started-at="2021-11-14T17:31:45 IST" name="Default test" finished-at="2021-11-14T17:32:14 IST" duration-ms="28813">
      <class name="runner.Runtest">
        <test-method is-config="true" signature="setUpClass()[pri:0, instance:runner.Runtest@23e84203]" started-at="2021-11-14T17:31:45 IST" name="setUpClass" finished-at="2021-11-14T17:31:46 IST" duration-ms="633" status="PASS">
          <reporter-output>
          </reporter-output>
        </test-method> <!-- setUpClass -->
        <test-method is-config="true" signature="browserIntialization()[pri:0, instance:runner.Runtest@23e84203]" started-at="2021-11-14T17:31:46 IST" name="browserIntialization" finished-at="2021-11-14T17:31:46 IST" duration-ms="0" status="PASS">
          <reporter-output>
          </reporter-output>
        </test-method> <!-- browserIntialization -->
        <test-method is-config="true" signature="BeforeClassSetUp()[pri:0, instance:runner.Runtest@23e84203]" started-at="2021-11-14T17:31:46 IST" name="BeforeClassSetUp" finished-at="2021-11-14T17:31:51 IST" duration-ms="5166" status="PASS">
          <reporter-output>
          </reporter-output>
        </test-method> <!-- BeforeClassSetUp -->
        <test-method is-config="true" signature="BeforeClassSetUp()[pri:0, instance:runner.Runtest@23e84203]" started-at="2021-11-14T17:31:46 IST" name="BeforeClassSetUp" finished-at="2021-11-14T17:31:51 IST" duration-ms="4891" status="PASS">
          <reporter-output>
          </reporter-output>
        </test-method> <!-- BeforeClassSetUp -->
        <test-method signature="runScenario(io.cucumber.testng.PickleWrapper,io.cucumber.testng.FeatureWrapper)[pri:0, instance:runner.Runtest@23e84203]" started-at="2021-11-14T17:31:51 IST" name="runScenario" description="Runs Cucumber Scenarios" data-provider="scenarios" finished-at="2021-11-14T17:32:14 IST" duration-ms="22696" status="FAIL">
          <params>
            <param index="0">
              <value>
                <![CDATA["Create Work Type"]]>
              </value>
            </param>
            <param index="1">
              <value>
                <![CDATA["Optional[Create NewWorktype]"]]>
              </value>
            </param>
          </params>
          <exception class="java.lang.AssertionError">
            <message>
              <![CDATA[expected [Work Type "Salesforce ProjectSpecimen" was created.] but found [Work Type "Salesforce Project1Specimen" was created.]]]>
            </message>
            <full-stacktrace>
              <![CDATA[java.lang.AssertionError: expected [Work Type "Salesforce ProjectSpecimen" was created.] but found [Work Type "Salesforce Project1Specimen" was created.]
at org.testng.Assert.fail(Assert.java:99)
at org.testng.Assert.failNotEquals(Assert.java:1037)
at org.testng.Assert.assertEqualsImpl(Assert.java:140)
at org.testng.Assert.assertEquals(Assert.java:122)
at org.testng.Assert.assertEquals(Assert.java:629)
at org.testng.Assert.assertEquals(Assert.java:639)
at threadlocalpages.NewWorkTypepageobjects.verifyCreatedMessage(NewWorkTypepageobjects.java:126)
at âœ½.Verify the Created message(file:///S:/Testleaf/Workspace/FsAutomation/src/test/java/features/CreateWorkType.feature:26)
]]>
            </full-stacktrace>
          </exception> <!-- java.lang.AssertionError -->
          <reporter-output>
          </reporter-output>
        </test-method> <!-- runScenario -->
        <test-method signature="runScenario(io.cucumber.testng.PickleWrapper,io.cucumber.testng.FeatureWrapper)[pri:0, instance:runner.Runtest@23e84203]" started-at="2021-11-14T17:31:51 IST" name="runScenario" description="Runs Cucumber Scenarios" data-provider="scenarios" finished-at="2021-11-14T17:32:14 IST" duration-ms="22544" status="PASS">
          <params>
            <param index="0">
              <value>
                <![CDATA["Create Work Type"]]>
              </value>
            </param>
            <param index="1">
              <value>
                <![CDATA["Optional[Create NewWorktype]"]]>
              </value>
            </param>
          </params>
          <reporter-output>
          </reporter-output>
        </test-method> <!-- runScenario -->
        <test-method is-config="true" signature="closeApplication()[pri:0, instance:runner.Runtest@23e84203]" started-at="2021-11-14T17:32:14 IST" name="closeApplication" finished-at="2021-11-14T17:32:14 IST" duration-ms="356" status="PASS">
          <reporter-output>
          </reporter-output>
        </test-method> <!-- closeApplication -->
        <test-method is-config="true" signature="closeApplication()[pri:0, instance:runner.Runtest@23e84203]" started-at="2021-11-14T17:32:14 IST" name="closeApplication" finished-at="2021-11-14T17:32:14 IST" duration-ms="379" status="PASS">
          <reporter-output>
          </reporter-output>
        </test-method> <!-- closeApplication -->
        <test-method is-config="true" signature="tearDownClass()[pri:0, instance:runner.Runtest@23e84203]" started-at="2021-11-14T17:32:14 IST" name="tearDownClass" finished-at="2021-11-14T17:32:14 IST" duration-ms="12" status="PASS">
          <reporter-output>
          </reporter-output>
        </test-method> <!-- tearDownClass -->
      </class> <!-- runner.Runtest -->
    </test> <!-- Default test -->
  </suite> <!-- Default suite -->
</testng-results>
